<?xml version="1.0" encoding="UTF-8"?>
<robot generator="Robot 6.0.2 (Python 3.11.3 on win32)" generated="20230527 21:33:38.336" rpa="false" schemaversion="3">
<suite id="s1" name="Estrutura" source="C:\Users\devec\OneDrive\Área de Trabalho\Robot You Tube\estrutura.robot">
<test id="s1-t1" name="Cenario 01: Abri site" line="17">
<kw name="Open Browser" library="SeleniumLibrary">
<arg>https://www.google.com/</arg>
<arg>chrome</arg>
<doc>Opens a new browser instance to the optional ``url``.</doc>
<msg timestamp="20230527 21:33:38.489" level="INFO">Opening browser 'chrome' to base url 'https://www.google.com/'.</msg>
<status status="PASS" starttime="20230527 21:33:38.489" endtime="20230527 21:33:41.028"/>
</kw>
<kw name="Close Browser" library="SeleniumLibrary">
<doc>Closes the current browser.</doc>
<status status="PASS" starttime="20230527 21:33:41.028" endtime="20230527 21:33:43.145"/>
</kw>
<status status="PASS" starttime="20230527 21:33:38.489" endtime="20230527 21:33:43.145"/>
</test>
<test id="s1-t2" name="Cenario 02: Abrir site Alura" line="21">
<kw name="Open Browser" library="SeleniumLibrary">
<arg>https://www.alura.com.br/</arg>
<arg>chrome</arg>
<doc>Opens a new browser instance to the optional ``url``.</doc>
<msg timestamp="20230527 21:33:43.149" level="INFO">Opening browser 'chrome' to base url 'https://www.alura.com.br/'.</msg>
<status status="PASS" starttime="20230527 21:33:43.149" endtime="20230527 21:33:50.544"/>
</kw>
<kw name="Close Browser" library="SeleniumLibrary">
<doc>Closes the current browser.</doc>
<status status="PASS" starttime="20230527 21:33:50.544" endtime="20230527 21:33:52.842"/>
</kw>
<status status="PASS" starttime="20230527 21:33:43.149" endtime="20230527 21:33:52.842"/>
</test>
<test id="s1-t3" name="Cenario 03: Abrir site You Tube" line="25">
<kw name="Open Browser" library="SeleniumLibrary">
<arg>https://www.youtube.com/</arg>
<arg>chrome</arg>
<doc>Opens a new browser instance to the optional ``url``.</doc>
<msg timestamp="20230527 21:33:52.848" level="INFO">Opening browser 'chrome' to base url 'https://www.youtube.com/'.</msg>
<status status="PASS" starttime="20230527 21:33:52.848" endtime="20230527 21:33:58.723"/>
</kw>
<kw name="Close Browser" library="SeleniumLibrary">
<doc>Closes the current browser.</doc>
<status status="PASS" starttime="20230527 21:33:58.723" endtime="20230527 21:34:00.850"/>
</kw>
<status status="PASS" starttime="20230527 21:33:52.848" endtime="20230527 21:34:00.850"/>
</test>
<status status="PASS" starttime="20230527 21:33:38.337" endtime="20230527 21:34:00.856"/>
</suite>
<statistics>
<total>
<stat pass="3" fail="0" skip="0">All Tests</stat>
</total>
<tag>
</tag>
<suite>
<stat pass="3" fail="0" skip="0" id="s1" name="Estrutura">Estrutura</stat>
</suite>
</statistics>
<errors>
</errors>
</robot>
