<?xml version="1.0" encoding="UTF-8"?>
<robot generator="Robot 6.0.2 (Python 3.11.3 on win32)" generated="20230603 11:17:35.057" rpa="false" schemaversion="3">
<suite id="s1" name="Form" source="C:\Users\devec\OneDrive\Área de Trabalho\Robot You Tube\form.robot">
<test id="s1-t1" name="Cenario 01: Abrir site" line="25">
<kw name="Open Browser" library="SeleniumLibrary">
<arg>https://itera-qa.azurewebsites.net/home/automation</arg>
<arg>chrome</arg>
<doc>Opens a new browser instance to the optional ``url``.</doc>
<msg timestamp="20230603 11:17:35.181" level="INFO">Opening browser 'chrome' to base url 'https://itera-qa.azurewebsites.net/home/automation'.</msg>
<status status="PASS" starttime="20230603 11:17:35.180" endtime="20230603 11:17:38.172"/>
</kw>
<status status="PASS" starttime="20230603 11:17:35.180" endtime="20230603 11:17:38.172"/>
</test>
<test id="s1-t2" name="Cenario 02: Preencher formulario" line="28">
<kw name="Input Text" library="SeleniumLibrary">
<arg>${input_name}</arg>
<arg>Vitor</arg>
<doc>Types the given ``text`` into the text field identified by ``locator``.</doc>
<msg timestamp="20230603 11:17:38.174" level="INFO">Typing text 'Vitor' into text field 'id:name'.</msg>
<status status="PASS" starttime="20230603 11:17:38.173" endtime="20230603 11:17:38.236"/>
</kw>
<kw name="Input Text" library="SeleniumLibrary">
<arg>${input_phone}</arg>
<arg>text=(11) 98680-3400</arg>
<doc>Types the given ``text`` into the text field identified by ``locator``.</doc>
<msg timestamp="20230603 11:17:38.237" level="INFO">Typing text '(11) 98680-3400' into text field 'id:phone'.</msg>
<status status="PASS" starttime="20230603 11:17:38.236" endtime="20230603 11:17:38.291"/>
</kw>
<kw name="Input Text" library="SeleniumLibrary">
<arg>${input_email}</arg>
<arg>text=vitor.devichu@hotmail.chrome</arg>
<doc>Types the given ``text`` into the text field identified by ``locator``.</doc>
<msg timestamp="20230603 11:17:38.292" level="INFO">Typing text 'vitor.devichu@hotmail.chrome' into text field 'id:email'.</msg>
<status status="PASS" starttime="20230603 11:17:38.291" endtime="20230603 11:17:38.345"/>
</kw>
<kw name="Input Text" library="SeleniumLibrary">
<arg>${input_password}</arg>
<arg>text=FFFHHHIII</arg>
<doc>Types the given ``text`` into the text field identified by ``locator``.</doc>
<msg timestamp="20230603 11:17:38.346" level="INFO">Typing text 'FFFHHHIII' into text field 'id:password'.</msg>
<status status="PASS" starttime="20230603 11:17:38.345" endtime="20230603 11:17:38.393"/>
</kw>
<kw name="Input Text" library="SeleniumLibrary">
<arg>${text_addres}</arg>
<arg>text=Rua Tal numero tal</arg>
<doc>Types the given ``text`` into the text field identified by ``locator``.</doc>
<msg timestamp="20230603 11:17:38.394" level="INFO">Typing text 'Rua Tal numero tal' into text field 'id:address'.</msg>
<status status="PASS" starttime="20230603 11:17:38.394" endtime="20230603 11:17:38.438"/>
</kw>
<status status="PASS" starttime="20230603 11:17:38.173" endtime="20230603 11:17:38.439"/>
</test>
<test id="s1-t3" name="Cenario 03: Clicar em submit" line="36">
<kw name="Click Element" library="SeleniumLibrary">
<arg>${button_submit}</arg>
<doc>Click the element identified by ``locator``.</doc>
<msg timestamp="20230603 11:17:38.441" level="INFO">Clicking element 'name:submit'.</msg>
<status status="PASS" starttime="20230603 11:17:38.440" endtime="20230603 11:17:38.469"/>
</kw>
<kw name="Sleep" library="BuiltIn">
<arg>5</arg>
<doc>Pauses the test executed for the given time.</doc>
<msg timestamp="20230603 11:17:43.470" level="INFO">Slept 5 seconds</msg>
<status status="PASS" starttime="20230603 11:17:38.469" endtime="20230603 11:17:43.470"/>
</kw>
<status status="PASS" starttime="20230603 11:17:38.440" endtime="20230603 11:17:43.472"/>
</test>
<test id="s1-t4" name="Cenario 04: Clicar em check-box" line="40">
<kw name="Click Element" library="SeleniumLibrary">
<arg>${input_type}</arg>
<doc>Click the element identified by ``locator``.</doc>
<msg timestamp="20230603 11:17:43.478" level="INFO">Clicking element 'id:male'.</msg>
<status status="PASS" starttime="20230603 11:17:43.477" endtime="20230603 11:17:43.518"/>
</kw>
<status status="PASS" starttime="20230603 11:17:43.476" endtime="20230603 11:17:43.519"/>
</test>
<test id="s1-t5" name="Cenario 05: Clicar em contains" line="43">
<kw name="Click Element" library="SeleniumLibrary">
<arg>${input_contains}</arg>
<doc>Click the element identified by ``locator``.</doc>
<msg timestamp="20230603 11:17:43.520" level="INFO">Clicking element '//input[@type='checkbox'][1]'.</msg>
<status status="PASS" starttime="20230603 11:17:43.520" endtime="20230603 11:17:43.548"/>
</kw>
<status status="PASS" starttime="20230603 11:17:43.519" endtime="20230603 11:17:43.548"/>
</test>
<test id="s1-t6" name="Cenario 06: Clicar em contains" line="46">
<kw name="Click Element" library="SeleniumLibrary">
<arg>${select_contains}</arg>
<doc>Click the element identified by ``locator``.</doc>
<msg timestamp="20230603 11:17:43.550" level="INFO">Clicking element '//select[contains(@class,'custom-select')]'.</msg>
<status status="PASS" starttime="20230603 11:17:43.549" endtime="20230603 11:17:43.584"/>
</kw>
<status status="PASS" starttime="20230603 11:17:43.549" endtime="20230603 11:17:43.584"/>
</test>
<test id="s1-t7" name="Cenario 07: Clicar" line="49">
<kw name="Click Element" library="SeleniumLibrary">
<arg>${option_value}</arg>
<doc>Click the element identified by ``locator``.</doc>
<msg timestamp="20230603 11:17:43.586" level="INFO">Clicking element '//option[@value='1']'.</msg>
<status status="PASS" starttime="20230603 11:17:43.585" endtime="20230603 11:17:43.613"/>
</kw>
<status status="PASS" starttime="20230603 11:17:43.585" endtime="20230603 11:17:43.613"/>
</test>
<test id="s1-t8" name="Cenario 08: Clicar no checkbox e radiobutton" line="55">
<kw name="Click Element" library="SeleniumLibrary">
<arg>${check_box}</arg>
<doc>Click the element identified by ``locator``.</doc>
<msg timestamp="20230603 11:17:43.615" level="INFO">Clicking element '//label[@class='custom-control-label'][contains(.,'2 years')]'.</msg>
<status status="PASS" starttime="20230603 11:17:43.615" endtime="20230603 11:17:43.648"/>
</kw>
<kw name="Click Element" library="SeleniumLibrary">
<arg>${radio_button}</arg>
<doc>Click the element identified by ``locator``.</doc>
<msg timestamp="20230603 11:17:43.649" level="INFO">Clicking element '//label[@class='custom-control-label'][contains(.,'Selenium Webdriver')]'.</msg>
<status status="PASS" starttime="20230603 11:17:43.649" endtime="20230603 11:17:43.677"/>
</kw>
<status status="PASS" starttime="20230603 11:17:43.614" endtime="20230603 11:17:43.678"/>
</test>
<status status="PASS" starttime="20230603 11:17:35.058" endtime="20230603 11:17:43.679"/>
</suite>
<statistics>
<total>
<stat pass="8" fail="0" skip="0">All Tests</stat>
</total>
<tag>
</tag>
<suite>
<stat pass="8" fail="0" skip="0" id="s1" name="Form">Form</stat>
</suite>
</statistics>
<errors>
</errors>
</robot>
