<?xml version="1.0" encoding="UTF-8"?>
<robot generator="Robot 6.0.2 (Python 3.11.3 on win32)" generated="20230612 10:06:33.509" rpa="false" schemaversion="3">
<suite id="s1" name="Estrutura" source="C:\Users\devec\OneDrive\Área de Trabalho\Robot You Tube\testes\estrutura.robot">
<test id="s1-t1" name="Cenario 01: Abri site" line="17">
<kw name="Open Browser" library="SeleniumLibrary">
<arg>https://www.google.com/</arg>
<arg>chrome</arg>
<doc>Opens a new browser instance to the optional ``url``.</doc>
<msg timestamp="20230612 10:06:33.655" level="INFO">Opening browser 'chrome' to base url 'https://www.google.com/'.</msg>
<status status="PASS" starttime="20230612 10:06:33.655" endtime="20230612 10:06:35.807"/>
</kw>
<kw name="Close Browser" library="SeleniumLibrary">
<doc>Closes the current browser.</doc>
<status status="PASS" starttime="20230612 10:06:35.808" endtime="20230612 10:06:37.924"/>
</kw>
<status status="PASS" starttime="20230612 10:06:33.654" endtime="20230612 10:06:37.926"/>
</test>
<test id="s1-t2" name="Cenario 02: Abrir site Alura" line="21">
<kw name="Open Browser" library="SeleniumLibrary">
<arg>https://www.alura.com.br/</arg>
<arg>chrome</arg>
<doc>Opens a new browser instance to the optional ``url``.</doc>
<msg timestamp="20230612 10:06:37.932" level="INFO">Opening browser 'chrome' to base url 'https://www.alura.com.br/'.</msg>
<status status="PASS" starttime="20230612 10:06:37.930" endtime="20230612 10:06:44.605"/>
</kw>
<kw name="Close Browser" library="SeleniumLibrary">
<doc>Closes the current browser.</doc>
<status status="PASS" starttime="20230612 10:06:44.606" endtime="20230612 10:06:46.893"/>
</kw>
<status status="PASS" starttime="20230612 10:06:37.929" endtime="20230612 10:06:46.895"/>
</test>
<test id="s1-t3" name="Cenario 03: Abrir site You Tube" line="25">
<kw name="Open Browser" library="SeleniumLibrary">
<arg>https://www.youtube.com/</arg>
<arg>chrome</arg>
<doc>Opens a new browser instance to the optional ``url``.</doc>
<msg timestamp="20230612 10:06:46.900" level="INFO">Opening browser 'chrome' to base url 'https://www.youtube.com/'.</msg>
<status status="PASS" starttime="20230612 10:06:46.899" endtime="20230612 10:06:51.371"/>
</kw>
<kw name="Close Browser" library="SeleniumLibrary">
<doc>Closes the current browser.</doc>
<status status="PASS" starttime="20230612 10:06:51.371" endtime="20230612 10:06:53.490"/>
</kw>
<status status="PASS" starttime="20230612 10:06:46.898" endtime="20230612 10:06:53.492"/>
</test>
<status status="PASS" starttime="20230612 10:06:33.510" endtime="20230612 10:06:53.496"/>
</suite>
<statistics>
<total>
<stat pass="3" fail="0" skip="0">All Tests</stat>
</total>
<tag>
</tag>
<suite>
<stat pass="3" fail="0" skip="0" id="s1" name="Estrutura">Estrutura</stat>
</suite>
</statistics>
<errors>
</errors>
</robot>
